CRITICAL - 2026-05-19 10:36:58 --> CodeIgniter\Exceptions\BadMethodCallException: Call to undefined method App\Models\SensorModel::listar
[Method: GET, Route: /]
in SYSTEMPATH\Model.php on line 761.
 1 APPPATH\Controllers\SensorController.php(23): CodeIgniter\Model->__call('listar', [])
 2 SYSTEMPATH\CodeIgniter.php(951): App\Controllers\SensorController->index()
 3 SYSTEMPATH\CodeIgniter.php(497): CodeIgniter\CodeIgniter->runController(Object(App\Controllers\SensorController))
 4 SYSTEMPATH\CodeIgniter.php(340): CodeIgniter\CodeIgniter->handleRequest(null, Object(Config\Cache), false)
 5 SYSTEMPATH\Boot.php(417): CodeIgniter\CodeIgniter->run()
 6 SYSTEMPATH\Boot.php(68): CodeIgniter\Boot::runCodeIgniter(Object(CodeIgniter\CodeIgniter))
 7 FCPATH\index.php(59): CodeIgniter\Boot::bootWeb(Object(Config\Paths))
ERROR - 2026-05-19 10:37:55 --> Error connecting to the database: mysqli_sql_exception: Unknown database 'db_visio' in C:\xampp\htdocs\VISIO_Codeigniter\vendor\codeigniter4\framework\system\Database\MySQLi\Connection.php:201
Stack trace:
#0 C:\xampp\htdocs\VISIO_Codeigniter\vendor\codeigniter4\framework\system\Database\MySQLi\Connection.php(201): mysqli->real_connect('localhost', 'root', Object(SensitiveParameterValue), 'DB_VISIO', 3306, '', 0)
#1 C:\xampp\htdocs\VISIO_Codeigniter\vendor\codeigniter4\framework\system\Database\BaseConnection.php(555): CodeIgniter\Database\MySQLi\Connection->connect(false)
#2 C:\xampp\htdocs\VISIO_Codeigniter\vendor\codeigniter4\framework\system\Database\BaseConnection.php(795): CodeIgniter\Database\BaseConnection->initialize()
#3 C:\xampp\htdocs\VISIO_Codeigniter\vendor\codeigniter4\framework\system\Database\BaseBuilder.php(1649): CodeIgniter\Database\BaseConnection->query('SELECT *\nFROM `...', Array, false)
#4 C:\xampp\htdocs\VISIO_Codeigniter\vendor\codeigniter4\framework\system\Model.php(253): CodeIgniter\Database\BaseBuilder->get()
#5 C:\xampp\htdocs\VISIO_Codeigniter\vendor\codeigniter4\framework\system\BaseModel.php(676): CodeIgniter\Model->doFindAll(0, 0)
#6 C:\xampp\htdocs\VISIO_Codeigniter\app\Models\SensorModel.php(21): CodeIgniter\BaseModel->findAll()
#7 C:\xampp\htdocs\VISIO_Codeigniter\app\Controllers\SensorController.php(23): App\Models\SensorModel->listar()
#8 C:\xampp\htdocs\VISIO_Codeigniter\vendor\codeigniter4\framework\system\CodeIgniter.php(951): App\Controllers\SensorController->index()
#9 C:\xampp\htdocs\VISIO_Codeigniter\vendor\codeigniter4\framework\system\CodeIgniter.php(497): CodeIgniter\CodeIgniter->runController(Object(App\Controllers\SensorController))
#10 C:\xampp\htdocs\VISIO_Codeigniter\vendor\codeigniter4\framework\system\CodeIgniter.php(340): CodeIgniter\CodeIgniter->handleRequest(NULL, Object(Config\Cache), false)
#11 C:\xampp\htdocs\VISIO_Codeigniter\vendor\codeigniter4\framework\system\Boot.php(417): CodeIgniter\CodeIgniter->run()
#12 C:\xampp\htdocs\VISIO_Codeigniter\vendor\codeigniter4\framework\system\Boot.php(68): CodeIgniter\Boot::runCodeIgniter(Object(CodeIgniter\CodeIgniter))
#13 C:\xampp\htdocs\VISIO_Codeigniter\public\index.php(59): CodeIgniter\Boot::bootWeb(Object(Config\Paths))
#14 {main}

Next CodeIgniter\Database\Exceptions\DatabaseException: Unknown database 'db_visio' in C:\xampp\htdocs\VISIO_Codeigniter\vendor\codeigniter4\framework\system\Database\MySQLi\Connection.php:231
Stack trace:
#0 C:\xampp\htdocs\VISIO_Codeigniter\vendor\codeigniter4\framework\system\Database\BaseConnection.php(555): CodeIgniter\Database\MySQLi\Connection->connect(false)
#1 C:\xampp\htdocs\VISIO_Codeigniter\vendor\codeigniter4\framework\system\Database\BaseConnection.php(795): CodeIgniter\Database\BaseConnection->initialize()
#2 C:\xampp\htdocs\VISIO_Codeigniter\vendor\codeigniter4\framework\system\Database\BaseBuilder.php(1649): CodeIgniter\Database\BaseConnection->query('SELECT *\nFROM `...', Array, false)
#3 C:\xampp\htdocs\VISIO_Codeigniter\vendor\codeigniter4\framework\system\Model.php(253): CodeIgniter\Database\BaseBuilder->get()
#4 C:\xampp\htdocs\VISIO_Codeigniter\vendor\codeigniter4\framework\system\BaseModel.php(676): CodeIgniter\Model->doFindAll(0, 0)
#5 C:\xampp\htdocs\VISIO_Codeigniter\app\Models\SensorModel.php(21): CodeIgniter\BaseModel->findAll()
#6 C:\xampp\htdocs\VISIO_Codeigniter\app\Controllers\SensorController.php(23): App\Models\SensorModel->listar()
#7 C:\xampp\htdocs\VISIO_Codeigniter\vendor\codeigniter4\framework\system\CodeIgniter.php(951): App\Controllers\SensorController->index()
#8 C:\xampp\htdocs\VISIO_Codeigniter\vendor\codeigniter4\framework\system\CodeIgniter.php(497): CodeIgniter\CodeIgniter->runController(Object(App\Controllers\SensorController))
#9 C:\xampp\htdocs\VISIO_Codeigniter\vendor\codeigniter4\framework\system\CodeIgniter.php(340): CodeIgniter\CodeIgniter->handleRequest(NULL, Object(Config\Cache), false)
#10 C:\xampp\htdocs\VISIO_Codeigniter\vendor\codeigniter4\framework\system\Boot.php(417): CodeIgniter\CodeIgniter->run()
#11 C:\xampp\htdocs\VISIO_Codeigniter\vendor\codeigniter4\framework\system\Boot.php(68): CodeIgniter\Boot::runCodeIgniter(Object(CodeIgniter\CodeIgniter))
#12 C:\xampp\htdocs\VISIO_Codeigniter\public\index.php(59): CodeIgniter\Boot::bootWeb(Object(Config\Paths))
#13 {main}
CRITICAL - 2026-05-19 10:37:55 --> CodeIgniter\Database\Exceptions\DatabaseException: Unable to connect to the database.
Main connection [MySQLi]: Unknown database 'db_visio'
[Method: GET, Route: /]
in SYSTEMPATH\Database\BaseConnection.php on line 606.
 1 SYSTEMPATH\Database\BaseConnection.php(795): CodeIgniter\Database\BaseConnection->initialize()
 2 SYSTEMPATH\Database\BaseBuilder.php(1649): CodeIgniter\Database\BaseConnection->query('SELECT *
FROM `SENSOR`', [], false)
 3 SYSTEMPATH\Model.php(253): CodeIgniter\Database\BaseBuilder->get()
 4 SYSTEMPATH\BaseModel.php(676): CodeIgniter\Model->doFindAll(0, 0)
 5 APPPATH\Models\SensorModel.php(21): CodeIgniter\BaseModel->findAll()
 6 APPPATH\Controllers\SensorController.php(23): App\Models\SensorModel->listar()
 7 SYSTEMPATH\CodeIgniter.php(951): App\Controllers\SensorController->index()
 8 SYSTEMPATH\CodeIgniter.php(497): CodeIgniter\CodeIgniter->runController(Object(App\Controllers\SensorController))
 9 SYSTEMPATH\CodeIgniter.php(340): CodeIgniter\CodeIgniter->handleRequest(null, Object(Config\Cache), false)
10 SYSTEMPATH\Boot.php(417): CodeIgniter\CodeIgniter->run()
11 SYSTEMPATH\Boot.php(68): CodeIgniter\Boot::runCodeIgniter(Object(CodeIgniter\CodeIgniter))
12 FCPATH\index.php(59): CodeIgniter\Boot::bootWeb(Object(Config\Paths))
ERROR - 2026-05-19 10:55:54 --> Error connecting to the database: mysqli_sql_exception: Unknown database 'db_visio' in C:\xampp\htdocs\VISIO_Codeigniter\vendor\codeigniter4\framework\system\Database\MySQLi\Connection.php:201
Stack trace:
#0 C:\xampp\htdocs\VISIO_Codeigniter\vendor\codeigniter4\framework\system\Database\MySQLi\Connection.php(201): mysqli->real_connect('localhost', 'root', Object(SensitiveParameterValue), 'DB_VISIO', 3306, '', 0)
#1 C:\xampp\htdocs\VISIO_Codeigniter\vendor\codeigniter4\framework\system\Database\BaseConnection.php(555): CodeIgniter\Database\MySQLi\Connection->connect(false)
#2 C:\xampp\htdocs\VISIO_Codeigniter\vendor\codeigniter4\framework\system\Database\BaseConnection.php(795): CodeIgniter\Database\BaseConnection->initialize()
#3 C:\xampp\htdocs\VISIO_Codeigniter\vendor\codeigniter4\framework\system\Database\BaseBuilder.php(1649): CodeIgniter\Database\BaseConnection->query('SELECT *\nFROM `...', Array, false)
#4 C:\xampp\htdocs\VISIO_Codeigniter\vendor\codeigniter4\framework\system\Model.php(253): CodeIgniter\Database\BaseBuilder->get()
#5 C:\xampp\htdocs\VISIO_Codeigniter\vendor\codeigniter4\framework\system\BaseModel.php(676): CodeIgniter\Model->doFindAll(0, 0)
#6 C:\xampp\htdocs\VISIO_Codeigniter\app\Models\SensorModel.php(21): CodeIgniter\BaseModel->findAll()
#7 C:\xampp\htdocs\VISIO_Codeigniter\app\Controllers\SensorController.php(23): App\Models\SensorModel->listar()
#8 C:\xampp\htdocs\VISIO_Codeigniter\vendor\codeigniter4\framework\system\CodeIgniter.php(951): App\Controllers\SensorController->index()
#9 C:\xampp\htdocs\VISIO_Codeigniter\vendor\codeigniter4\framework\system\CodeIgniter.php(497): CodeIgniter\CodeIgniter->runController(Object(App\Controllers\SensorController))
#10 C:\xampp\htdocs\VISIO_Codeigniter\vendor\codeigniter4\framework\system\CodeIgniter.php(340): CodeIgniter\CodeIgniter->handleRequest(NULL, Object(Config\Cache), false)
#11 C:\xampp\htdocs\VISIO_Codeigniter\vendor\codeigniter4\framework\system\Boot.php(417): CodeIgniter\CodeIgniter->run()
#12 C:\xampp\htdocs\VISIO_Codeigniter\vendor\codeigniter4\framework\system\Boot.php(68): CodeIgniter\Boot::runCodeIgniter(Object(CodeIgniter\CodeIgniter))
#13 C:\xampp\htdocs\VISIO_Codeigniter\public\index.php(59): CodeIgniter\Boot::bootWeb(Object(Config\Paths))
#14 {main}

Next CodeIgniter\Database\Exceptions\DatabaseException: Unknown database 'db_visio' in C:\xampp\htdocs\VISIO_Codeigniter\vendor\codeigniter4\framework\system\Database\MySQLi\Connection.php:231
Stack trace:
#0 C:\xampp\htdocs\VISIO_Codeigniter\vendor\codeigniter4\framework\system\Database\BaseConnection.php(555): CodeIgniter\Database\MySQLi\Connection->connect(false)
#1 C:\xampp\htdocs\VISIO_Codeigniter\vendor\codeigniter4\framework\system\Database\BaseConnection.php(795): CodeIgniter\Database\BaseConnection->initialize()
#2 C:\xampp\htdocs\VISIO_Codeigniter\vendor\codeigniter4\framework\system\Database\BaseBuilder.php(1649): CodeIgniter\Database\BaseConnection->query('SELECT *\nFROM `...', Array, false)
#3 C:\xampp\htdocs\VISIO_Codeigniter\vendor\codeigniter4\framework\system\Model.php(253): CodeIgniter\Database\BaseBuilder->get()
#4 C:\xampp\htdocs\VISIO_Codeigniter\vendor\codeigniter4\framework\system\BaseModel.php(676): CodeIgniter\Model->doFindAll(0, 0)
#5 C:\xampp\htdocs\VISIO_Codeigniter\app\Models\SensorModel.php(21): CodeIgniter\BaseModel->findAll()
#6 C:\xampp\htdocs\VISIO_Codeigniter\app\Controllers\SensorController.php(23): App\Models\SensorModel->listar()
#7 C:\xampp\htdocs\VISIO_Codeigniter\vendor\codeigniter4\framework\system\CodeIgniter.php(951): App\Controllers\SensorController->index()
#8 C:\xampp\htdocs\VISIO_Codeigniter\vendor\codeigniter4\framework\system\CodeIgniter.php(497): CodeIgniter\CodeIgniter->runController(Object(App\Controllers\SensorController))
#9 C:\xampp\htdocs\VISIO_Codeigniter\vendor\codeigniter4\framework\system\CodeIgniter.php(340): CodeIgniter\CodeIgniter->handleRequest(NULL, Object(Config\Cache), false)
#10 C:\xampp\htdocs\VISIO_Codeigniter\vendor\codeigniter4\framework\system\Boot.php(417): CodeIgniter\CodeIgniter->run()
#11 C:\xampp\htdocs\VISIO_Codeigniter\vendor\codeigniter4\framework\system\Boot.php(68): CodeIgniter\Boot::runCodeIgniter(Object(CodeIgniter\CodeIgniter))
#12 C:\xampp\htdocs\VISIO_Codeigniter\public\index.php(59): CodeIgniter\Boot::bootWeb(Object(Config\Paths))
#13 {main}
CRITICAL - 2026-05-19 10:55:54 --> CodeIgniter\Database\Exceptions\DatabaseException: Unable to connect to the database.
Main connection [MySQLi]: Unknown database 'db_visio'
[Method: GET, Route: /]
in SYSTEMPATH\Database\BaseConnection.php on line 606.
 1 SYSTEMPATH\Database\BaseConnection.php(795): CodeIgniter\Database\BaseConnection->initialize()
 2 SYSTEMPATH\Database\BaseBuilder.php(1649): CodeIgniter\Database\BaseConnection->query('SELECT *
FROM `SENSOR`', [], false)
 3 SYSTEMPATH\Model.php(253): CodeIgniter\Database\BaseBuilder->get()
 4 SYSTEMPATH\BaseModel.php(676): CodeIgniter\Model->doFindAll(0, 0)
 5 APPPATH\Models\SensorModel.php(21): CodeIgniter\BaseModel->findAll()
 6 APPPATH\Controllers\SensorController.php(23): App\Models\SensorModel->listar()
 7 SYSTEMPATH\CodeIgniter.php(951): App\Controllers\SensorController->index()
 8 SYSTEMPATH\CodeIgniter.php(497): CodeIgniter\CodeIgniter->runController(Object(App\Controllers\SensorController))
 9 SYSTEMPATH\CodeIgniter.php(340): CodeIgniter\CodeIgniter->handleRequest(null, Object(Config\Cache), false)
10 SYSTEMPATH\Boot.php(417): CodeIgniter\CodeIgniter->run()
11 SYSTEMPATH\Boot.php(68): CodeIgniter\Boot::runCodeIgniter(Object(CodeIgniter\CodeIgniter))
12 FCPATH\index.php(59): CodeIgniter\Boot::bootWeb(Object(Config\Paths))
ERROR - 2026-05-19 10:56:03 --> Error connecting to the database: mysqli_sql_exception: Unknown database 'db_visio' in C:\xampp\htdocs\VISIO_Codeigniter\vendor\codeigniter4\framework\system\Database\MySQLi\Connection.php:201
Stack trace:
#0 C:\xampp\htdocs\VISIO_Codeigniter\vendor\codeigniter4\framework\system\Database\MySQLi\Connection.php(201): mysqli->real_connect('localhost', 'root', Object(SensitiveParameterValue), 'DB_VISIO', 3306, '', 0)
#1 C:\xampp\htdocs\VISIO_Codeigniter\vendor\codeigniter4\framework\system\Database\BaseConnection.php(555): CodeIgniter\Database\MySQLi\Connection->connect(false)
#2 C:\xampp\htdocs\VISIO_Codeigniter\vendor\codeigniter4\framework\system\Database\BaseConnection.php(795): CodeIgniter\Database\BaseConnection->initialize()
#3 C:\xampp\htdocs\VISIO_Codeigniter\vendor\codeigniter4\framework\system\Database\BaseBuilder.php(1649): CodeIgniter\Database\BaseConnection->query('SELECT *\nFROM `...', Array, false)
#4 C:\xampp\htdocs\VISIO_Codeigniter\vendor\codeigniter4\framework\system\Model.php(253): CodeIgniter\Database\BaseBuilder->get()
#5 C:\xampp\htdocs\VISIO_Codeigniter\vendor\codeigniter4\framework\system\BaseModel.php(676): CodeIgniter\Model->doFindAll(0, 0)
#6 C:\xampp\htdocs\VISIO_Codeigniter\app\Models\SensorModel.php(21): CodeIgniter\BaseModel->findAll()
#7 C:\xampp\htdocs\VISIO_Codeigniter\app\Controllers\SensorController.php(23): App\Models\SensorModel->listar()
#8 C:\xampp\htdocs\VISIO_Codeigniter\vendor\codeigniter4\framework\system\CodeIgniter.php(951): App\Controllers\SensorController->index()
#9 C:\xampp\htdocs\VISIO_Codeigniter\vendor\codeigniter4\framework\system\CodeIgniter.php(497): CodeIgniter\CodeIgniter->runController(Object(App\Controllers\SensorController))
#10 C:\xampp\htdocs\VISIO_Codeigniter\vendor\codeigniter4\framework\system\CodeIgniter.php(340): CodeIgniter\CodeIgniter->handleRequest(NULL, Object(Config\Cache), false)
#11 C:\xampp\htdocs\VISIO_Codeigniter\vendor\codeigniter4\framework\system\Boot.php(417): CodeIgniter\CodeIgniter->run()
#12 C:\xampp\htdocs\VISIO_Codeigniter\vendor\codeigniter4\framework\system\Boot.php(68): CodeIgniter\Boot::runCodeIgniter(Object(CodeIgniter\CodeIgniter))
#13 C:\xampp\htdocs\VISIO_Codeigniter\public\index.php(59): CodeIgniter\Boot::bootWeb(Object(Config\Paths))
#14 {main}

Next CodeIgniter\Database\Exceptions\DatabaseException: Unknown database 'db_visio' in C:\xampp\htdocs\VISIO_Codeigniter\vendor\codeigniter4\framework\system\Database\MySQLi\Connection.php:231
Stack trace:
#0 C:\xampp\htdocs\VISIO_Codeigniter\vendor\codeigniter4\framework\system\Database\BaseConnection.php(555): CodeIgniter\Database\MySQLi\Connection->connect(false)
#1 C:\xampp\htdocs\VISIO_Codeigniter\vendor\codeigniter4\framework\system\Database\BaseConnection.php(795): CodeIgniter\Database\BaseConnection->initialize()
#2 C:\xampp\htdocs\VISIO_Codeigniter\vendor\codeigniter4\framework\system\Database\BaseBuilder.php(1649): CodeIgniter\Database\BaseConnection->query('SELECT *\nFROM `...', Array, false)
#3 C:\xampp\htdocs\VISIO_Codeigniter\vendor\codeigniter4\framework\system\Model.php(253): CodeIgniter\Database\BaseBuilder->get()
#4 C:\xampp\htdocs\VISIO_Codeigniter\vendor\codeigniter4\framework\system\BaseModel.php(676): CodeIgniter\Model->doFindAll(0, 0)
#5 C:\xampp\htdocs\VISIO_Codeigniter\app\Models\SensorModel.php(21): CodeIgniter\BaseModel->findAll()
#6 C:\xampp\htdocs\VISIO_Codeigniter\app\Controllers\SensorController.php(23): App\Models\SensorModel->listar()
#7 C:\xampp\htdocs\VISIO_Codeigniter\vendor\codeigniter4\framework\system\CodeIgniter.php(951): App\Controllers\SensorController->index()
#8 C:\xampp\htdocs\VISIO_Codeigniter\vendor\codeigniter4\framework\system\CodeIgniter.php(497): CodeIgniter\CodeIgniter->runController(Object(App\Controllers\SensorController))
#9 C:\xampp\htdocs\VISIO_Codeigniter\vendor\codeigniter4\framework\system\CodeIgniter.php(340): CodeIgniter\CodeIgniter->handleRequest(NULL, Object(Config\Cache), false)
#10 C:\xampp\htdocs\VISIO_Codeigniter\vendor\codeigniter4\framework\system\Boot.php(417): CodeIgniter\CodeIgniter->run()
#11 C:\xampp\htdocs\VISIO_Codeigniter\vendor\codeigniter4\framework\system\Boot.php(68): CodeIgniter\Boot::runCodeIgniter(Object(CodeIgniter\CodeIgniter))
#12 C:\xampp\htdocs\VISIO_Codeigniter\public\index.php(59): CodeIgniter\Boot::bootWeb(Object(Config\Paths))
#13 {main}
CRITICAL - 2026-05-19 10:56:03 --> CodeIgniter\Database\Exceptions\DatabaseException: Unable to connect to the database.
Main connection [MySQLi]: Unknown database 'db_visio'
[Method: GET, Route: /]
in SYSTEMPATH\Database\BaseConnection.php on line 606.
 1 SYSTEMPATH\Database\BaseConnection.php(795): CodeIgniter\Database\BaseConnection->initialize()
 2 SYSTEMPATH\Database\BaseBuilder.php(1649): CodeIgniter\Database\BaseConnection->query('SELECT *
FROM `SENSOR`', [], false)
 3 SYSTEMPATH\Model.php(253): CodeIgniter\Database\BaseBuilder->get()
 4 SYSTEMPATH\BaseModel.php(676): CodeIgniter\Model->doFindAll(0, 0)
 5 APPPATH\Models\SensorModel.php(21): CodeIgniter\BaseModel->findAll()
 6 APPPATH\Controllers\SensorController.php(23): App\Models\SensorModel->listar()
 7 SYSTEMPATH\CodeIgniter.php(951): App\Controllers\SensorController->index()
 8 SYSTEMPATH\CodeIgniter.php(497): CodeIgniter\CodeIgniter->runController(Object(App\Controllers\SensorController))
 9 SYSTEMPATH\CodeIgniter.php(340): CodeIgniter\CodeIgniter->handleRequest(null, Object(Config\Cache), false)
10 SYSTEMPATH\Boot.php(417): CodeIgniter\CodeIgniter->run()
11 SYSTEMPATH\Boot.php(68): CodeIgniter\Boot::runCodeIgniter(Object(CodeIgniter\CodeIgniter))
12 FCPATH\index.php(59): CodeIgniter\Boot::bootWeb(Object(Config\Paths))
ERROR - 2026-05-19 10:57:13 --> Error connecting to the database: mysqli_sql_exception: Unknown database 'db_visio' in C:\xampp\htdocs\VISIO_Codeigniter\vendor\codeigniter4\framework\system\Database\MySQLi\Connection.php:201
Stack trace:
#0 C:\xampp\htdocs\VISIO_Codeigniter\vendor\codeigniter4\framework\system\Database\MySQLi\Connection.php(201): mysqli->real_connect('localhost', 'root', Object(SensitiveParameterValue), 'DB_VISIO', 3306, '', 0)
#1 C:\xampp\htdocs\VISIO_Codeigniter\vendor\codeigniter4\framework\system\Database\BaseConnection.php(555): CodeIgniter\Database\MySQLi\Connection->connect(false)
#2 C:\xampp\htdocs\VISIO_Codeigniter\vendor\codeigniter4\framework\system\Database\BaseConnection.php(795): CodeIgniter\Database\BaseConnection->initialize()
#3 C:\xampp\htdocs\VISIO_Codeigniter\vendor\codeigniter4\framework\system\Database\BaseBuilder.php(1649): CodeIgniter\Database\BaseConnection->query('SELECT *\nFROM `...', Array, false)
#4 C:\xampp\htdocs\VISIO_Codeigniter\vendor\codeigniter4\framework\system\Model.php(253): CodeIgniter\Database\BaseBuilder->get()
#5 C:\xampp\htdocs\VISIO_Codeigniter\vendor\codeigniter4\framework\system\BaseModel.php(676): CodeIgniter\Model->doFindAll(0, 0)
#6 C:\xampp\htdocs\VISIO_Codeigniter\app\Models\SensorModel.php(21): CodeIgniter\BaseModel->findAll()
#7 C:\xampp\htdocs\VISIO_Codeigniter\app\Controllers\SensorController.php(23): App\Models\SensorModel->listar()
#8 C:\xampp\htdocs\VISIO_Codeigniter\vendor\codeigniter4\framework\system\CodeIgniter.php(951): App\Controllers\SensorController->index()
#9 C:\xampp\htdocs\VISIO_Codeigniter\vendor\codeigniter4\framework\system\CodeIgniter.php(497): CodeIgniter\CodeIgniter->runController(Object(App\Controllers\SensorController))
#10 C:\xampp\htdocs\VISIO_Codeigniter\vendor\codeigniter4\framework\system\CodeIgniter.php(340): CodeIgniter\CodeIgniter->handleRequest(NULL, Object(Config\Cache), false)
#11 C:\xampp\htdocs\VISIO_Codeigniter\vendor\codeigniter4\framework\system\Boot.php(417): CodeIgniter\CodeIgniter->run()
#12 C:\xampp\htdocs\VISIO_Codeigniter\vendor\codeigniter4\framework\system\Boot.php(68): CodeIgniter\Boot::runCodeIgniter(Object(CodeIgniter\CodeIgniter))
#13 C:\xampp\htdocs\VISIO_Codeigniter\public\index.php(59): CodeIgniter\Boot::bootWeb(Object(Config\Paths))
#14 {main}

Next CodeIgniter\Database\Exceptions\DatabaseException: Unknown database 'db_visio' in C:\xampp\htdocs\VISIO_Codeigniter\vendor\codeigniter4\framework\system\Database\MySQLi\Connection.php:231
Stack trace:
#0 C:\xampp\htdocs\VISIO_Codeigniter\vendor\codeigniter4\framework\system\Database\BaseConnection.php(555): CodeIgniter\Database\MySQLi\Connection->connect(false)
#1 C:\xampp\htdocs\VISIO_Codeigniter\vendor\codeigniter4\framework\system\Database\BaseConnection.php(795): CodeIgniter\Database\BaseConnection->initialize()
#2 C:\xampp\htdocs\VISIO_Codeigniter\vendor\codeigniter4\framework\system\Database\BaseBuilder.php(1649): CodeIgniter\Database\BaseConnection->query('SELECT *\nFROM `...', Array, false)
#3 C:\xampp\htdocs\VISIO_Codeigniter\vendor\codeigniter4\framework\system\Model.php(253): CodeIgniter\Database\BaseBuilder->get()
#4 C:\xampp\htdocs\VISIO_Codeigniter\vendor\codeigniter4\framework\system\BaseModel.php(676): CodeIgniter\Model->doFindAll(0, 0)
#5 C:\xampp\htdocs\VISIO_Codeigniter\app\Models\SensorModel.php(21): CodeIgniter\BaseModel->findAll()
#6 C:\xampp\htdocs\VISIO_Codeigniter\app\Controllers\SensorController.php(23): App\Models\SensorModel->listar()
#7 C:\xampp\htdocs\VISIO_Codeigniter\vendor\codeigniter4\framework\system\CodeIgniter.php(951): App\Controllers\SensorController->index()
#8 C:\xampp\htdocs\VISIO_Codeigniter\vendor\codeigniter4\framework\system\CodeIgniter.php(497): CodeIgniter\CodeIgniter->runController(Object(App\Controllers\SensorController))
#9 C:\xampp\htdocs\VISIO_Codeigniter\vendor\codeigniter4\framework\system\CodeIgniter.php(340): CodeIgniter\CodeIgniter->handleRequest(NULL, Object(Config\Cache), false)
#10 C:\xampp\htdocs\VISIO_Codeigniter\vendor\codeigniter4\framework\system\Boot.php(417): CodeIgniter\CodeIgniter->run()
#11 C:\xampp\htdocs\VISIO_Codeigniter\vendor\codeigniter4\framework\system\Boot.php(68): CodeIgniter\Boot::runCodeIgniter(Object(CodeIgniter\CodeIgniter))
#12 C:\xampp\htdocs\VISIO_Codeigniter\public\index.php(59): CodeIgniter\Boot::bootWeb(Object(Config\Paths))
#13 {main}
CRITICAL - 2026-05-19 10:57:13 --> CodeIgniter\Database\Exceptions\DatabaseException: Unable to connect to the database.
Main connection [MySQLi]: Unknown database 'db_visio'
[Method: GET, Route: /]
in SYSTEMPATH\Database\BaseConnection.php on line 606.
 1 SYSTEMPATH\Database\BaseConnection.php(795): CodeIgniter\Database\BaseConnection->initialize()
 2 SYSTEMPATH\Database\BaseBuilder.php(1649): CodeIgniter\Database\BaseConnection->query('SELECT *
FROM `SENSOR`', [], false)
 3 SYSTEMPATH\Model.php(253): CodeIgniter\Database\BaseBuilder->get()
 4 SYSTEMPATH\BaseModel.php(676): CodeIgniter\Model->doFindAll(0, 0)
 5 APPPATH\Models\SensorModel.php(21): CodeIgniter\BaseModel->findAll()
 6 APPPATH\Controllers\SensorController.php(23): App\Models\SensorModel->listar()
 7 SYSTEMPATH\CodeIgniter.php(951): App\Controllers\SensorController->index()
 8 SYSTEMPATH\CodeIgniter.php(497): CodeIgniter\CodeIgniter->runController(Object(App\Controllers\SensorController))
 9 SYSTEMPATH\CodeIgniter.php(340): CodeIgniter\CodeIgniter->handleRequest(null, Object(Config\Cache), false)
10 SYSTEMPATH\Boot.php(417): CodeIgniter\CodeIgniter->run()
11 SYSTEMPATH\Boot.php(68): CodeIgniter\Boot::runCodeIgniter(Object(CodeIgniter\CodeIgniter))
12 FCPATH\index.php(59): CodeIgniter\Boot::bootWeb(Object(Config\Paths))
ERROR - 2026-05-19 10:57:14 --> Error connecting to the database: mysqli_sql_exception: Unknown database 'db_visio' in C:\xampp\htdocs\VISIO_Codeigniter\vendor\codeigniter4\framework\system\Database\MySQLi\Connection.php:201
Stack trace:
#0 C:\xampp\htdocs\VISIO_Codeigniter\vendor\codeigniter4\framework\system\Database\MySQLi\Connection.php(201): mysqli->real_connect('localhost', 'root', Object(SensitiveParameterValue), 'DB_VISIO', 3306, '', 0)
#1 C:\xampp\htdocs\VISIO_Codeigniter\vendor\codeigniter4\framework\system\Database\BaseConnection.php(555): CodeIgniter\Database\MySQLi\Connection->connect(false)
#2 C:\xampp\htdocs\VISIO_Codeigniter\vendor\codeigniter4\framework\system\Database\BaseConnection.php(795): CodeIgniter\Database\BaseConnection->initialize()
#3 C:\xampp\htdocs\VISIO_Codeigniter\vendor\codeigniter4\framework\system\Database\BaseBuilder.php(1649): CodeIgniter\Database\BaseConnection->query('SELECT *\nFROM `...', Array, false)
#4 C:\xampp\htdocs\VISIO_Codeigniter\vendor\codeigniter4\framework\system\Model.php(253): CodeIgniter\Database\BaseBuilder->get()
#5 C:\xampp\htdocs\VISIO_Codeigniter\vendor\codeigniter4\framework\system\BaseModel.php(676): CodeIgniter\Model->doFindAll(0, 0)
#6 C:\xampp\htdocs\VISIO_Codeigniter\app\Models\SensorModel.php(21): CodeIgniter\BaseModel->findAll()
#7 C:\xampp\htdocs\VISIO_Codeigniter\app\Controllers\SensorController.php(23): App\Models\SensorModel->listar()
#8 C:\xampp\htdocs\VISIO_Codeigniter\vendor\codeigniter4\framework\system\CodeIgniter.php(951): App\Controllers\SensorController->index()
#9 C:\xampp\htdocs\VISIO_Codeigniter\vendor\codeigniter4\framework\system\CodeIgniter.php(497): CodeIgniter\CodeIgniter->runController(Object(App\Controllers\SensorController))
#10 C:\xampp\htdocs\VISIO_Codeigniter\vendor\codeigniter4\framework\system\CodeIgniter.php(340): CodeIgniter\CodeIgniter->handleRequest(NULL, Object(Config\Cache), false)
#11 C:\xampp\htdocs\VISIO_Codeigniter\vendor\codeigniter4\framework\system\Boot.php(417): CodeIgniter\CodeIgniter->run()
#12 C:\xampp\htdocs\VISIO_Codeigniter\vendor\codeigniter4\framework\system\Boot.php(68): CodeIgniter\Boot::runCodeIgniter(Object(CodeIgniter\CodeIgniter))
#13 C:\xampp\htdocs\VISIO_Codeigniter\public\index.php(59): CodeIgniter\Boot::bootWeb(Object(Config\Paths))
#14 {main}

Next CodeIgniter\Database\Exceptions\DatabaseException: Unknown database 'db_visio' in C:\xampp\htdocs\VISIO_Codeigniter\vendor\codeigniter4\framework\system\Database\MySQLi\Connection.php:231
Stack trace:
#0 C:\xampp\htdocs\VISIO_Codeigniter\vendor\codeigniter4\framework\system\Database\BaseConnection.php(555): CodeIgniter\Database\MySQLi\Connection->connect(false)
#1 C:\xampp\htdocs\VISIO_Codeigniter\vendor\codeigniter4\framework\system\Database\BaseConnection.php(795): CodeIgniter\Database\BaseConnection->initialize()
#2 C:\xampp\htdocs\VISIO_Codeigniter\vendor\codeigniter4\framework\system\Database\BaseBuilder.php(1649): CodeIgniter\Database\BaseConnection->query('SELECT *\nFROM `...', Array, false)
#3 C:\xampp\htdocs\VISIO_Codeigniter\vendor\codeigniter4\framework\system\Model.php(253): CodeIgniter\Database\BaseBuilder->get()
#4 C:\xampp\htdocs\VISIO_Codeigniter\vendor\codeigniter4\framework\system\BaseModel.php(676): CodeIgniter\Model->doFindAll(0, 0)
#5 C:\xampp\htdocs\VISIO_Codeigniter\app\Models\SensorModel.php(21): CodeIgniter\BaseModel->findAll()
#6 C:\xampp\htdocs\VISIO_Codeigniter\app\Controllers\SensorController.php(23): App\Models\SensorModel->listar()
#7 C:\xampp\htdocs\VISIO_Codeigniter\vendor\codeigniter4\framework\system\CodeIgniter.php(951): App\Controllers\SensorController->index()
#8 C:\xampp\htdocs\VISIO_Codeigniter\vendor\codeigniter4\framework\system\CodeIgniter.php(497): CodeIgniter\CodeIgniter->runController(Object(App\Controllers\SensorController))
#9 C:\xampp\htdocs\VISIO_Codeigniter\vendor\codeigniter4\framework\system\CodeIgniter.php(340): CodeIgniter\CodeIgniter->handleRequest(NULL, Object(Config\Cache), false)
#10 C:\xampp\htdocs\VISIO_Codeigniter\vendor\codeigniter4\framework\system\Boot.php(417): CodeIgniter\CodeIgniter->run()
#11 C:\xampp\htdocs\VISIO_Codeigniter\vendor\codeigniter4\framework\system\Boot.php(68): CodeIgniter\Boot::runCodeIgniter(Object(CodeIgniter\CodeIgniter))
#12 C:\xampp\htdocs\VISIO_Codeigniter\public\index.php(59): CodeIgniter\Boot::bootWeb(Object(Config\Paths))
#13 {main}
CRITICAL - 2026-05-19 10:57:14 --> CodeIgniter\Database\Exceptions\DatabaseException: Unable to connect to the database.
Main connection [MySQLi]: Unknown database 'db_visio'
[Method: GET, Route: /]
in SYSTEMPATH\Database\BaseConnection.php on line 606.
 1 SYSTEMPATH\Database\BaseConnection.php(795): CodeIgniter\Database\BaseConnection->initialize()
 2 SYSTEMPATH\Database\BaseBuilder.php(1649): CodeIgniter\Database\BaseConnection->query('SELECT *
FROM `SENSOR`', [], false)
 3 SYSTEMPATH\Model.php(253): CodeIgniter\Database\BaseBuilder->get()
 4 SYSTEMPATH\BaseModel.php(676): CodeIgniter\Model->doFindAll(0, 0)
 5 APPPATH\Models\SensorModel.php(21): CodeIgniter\BaseModel->findAll()
 6 APPPATH\Controllers\SensorController.php(23): App\Models\SensorModel->listar()
 7 SYSTEMPATH\CodeIgniter.php(951): App\Controllers\SensorController->index()
 8 SYSTEMPATH\CodeIgniter.php(497): CodeIgniter\CodeIgniter->runController(Object(App\Controllers\SensorController))
 9 SYSTEMPATH\CodeIgniter.php(340): CodeIgniter\CodeIgniter->handleRequest(null, Object(Config\Cache), false)
10 SYSTEMPATH\Boot.php(417): CodeIgniter\CodeIgniter->run()
11 SYSTEMPATH\Boot.php(68): CodeIgniter\Boot::runCodeIgniter(Object(CodeIgniter\CodeIgniter))
12 FCPATH\index.php(59): CodeIgniter\Boot::bootWeb(Object(Config\Paths))
ERROR - 2026-05-19 10:57:14 --> Error connecting to the database: mysqli_sql_exception: Unknown database 'db_visio' in C:\xampp\htdocs\VISIO_Codeigniter\vendor\codeigniter4\framework\system\Database\MySQLi\Connection.php:201
Stack trace:
#0 C:\xampp\htdocs\VISIO_Codeigniter\vendor\codeigniter4\framework\system\Database\MySQLi\Connection.php(201): mysqli->real_connect('localhost', 'root', Object(SensitiveParameterValue), 'DB_VISIO', 3306, '', 0)
#1 C:\xampp\htdocs\VISIO_Codeigniter\vendor\codeigniter4\framework\system\Database\BaseConnection.php(555): CodeIgniter\Database\MySQLi\Connection->connect(false)
#2 C:\xampp\htdocs\VISIO_Codeigniter\vendor\codeigniter4\framework\system\Database\BaseConnection.php(795): CodeIgniter\Database\BaseConnection->initialize()
#3 C:\xampp\htdocs\VISIO_Codeigniter\vendor\codeigniter4\framework\system\Database\BaseBuilder.php(1649): CodeIgniter\Database\BaseConnection->query('SELECT *\nFROM `...', Array, false)
#4 C:\xampp\htdocs\VISIO_Codeigniter\vendor\codeigniter4\framework\system\Model.php(253): CodeIgniter\Database\BaseBuilder->get()
#5 C:\xampp\htdocs\VISIO_Codeigniter\vendor\codeigniter4\framework\system\BaseModel.php(676): CodeIgniter\Model->doFindAll(0, 0)
#6 C:\xampp\htdocs\VISIO_Codeigniter\app\Models\SensorModel.php(21): CodeIgniter\BaseModel->findAll()
#7 C:\xampp\htdocs\VISIO_Codeigniter\app\Controllers\SensorController.php(23): App\Models\SensorModel->listar()
#8 C:\xampp\htdocs\VISIO_Codeigniter\vendor\codeigniter4\framework\system\CodeIgniter.php(951): App\Controllers\SensorController->index()
#9 C:\xampp\htdocs\VISIO_Codeigniter\vendor\codeigniter4\framework\system\CodeIgniter.php(497): CodeIgniter\CodeIgniter->runController(Object(App\Controllers\SensorController))
#10 C:\xampp\htdocs\VISIO_Codeigniter\vendor\codeigniter4\framework\system\CodeIgniter.php(340): CodeIgniter\CodeIgniter->handleRequest(NULL, Object(Config\Cache), false)
#11 C:\xampp\htdocs\VISIO_Codeigniter\vendor\codeigniter4\framework\system\Boot.php(417): CodeIgniter\CodeIgniter->run()
#12 C:\xampp\htdocs\VISIO_Codeigniter\vendor\codeigniter4\framework\system\Boot.php(68): CodeIgniter\Boot::runCodeIgniter(Object(CodeIgniter\CodeIgniter))
#13 C:\xampp\htdocs\VISIO_Codeigniter\public\index.php(59): CodeIgniter\Boot::bootWeb(Object(Config\Paths))
#14 {main}

Next CodeIgniter\Database\Exceptions\DatabaseException: Unknown database 'db_visio' in C:\xampp\htdocs\VISIO_Codeigniter\vendor\codeigniter4\framework\system\Database\MySQLi\Connection.php:231
Stack trace:
#0 C:\xampp\htdocs\VISIO_Codeigniter\vendor\codeigniter4\framework\system\Database\BaseConnection.php(555): CodeIgniter\Database\MySQLi\Connection->connect(false)
#1 C:\xampp\htdocs\VISIO_Codeigniter\vendor\codeigniter4\framework\system\Database\BaseConnection.php(795): CodeIgniter\Database\BaseConnection->initialize()
#2 C:\xampp\htdocs\VISIO_Codeigniter\vendor\codeigniter4\framework\system\Database\BaseBuilder.php(1649): CodeIgniter\Database\BaseConnection->query('SELECT *\nFROM `...', Array, false)
#3 C:\xampp\htdocs\VISIO_Codeigniter\vendor\codeigniter4\framework\system\Model.php(253): CodeIgniter\Database\BaseBuilder->get()
#4 C:\xampp\htdocs\VISIO_Codeigniter\vendor\codeigniter4\framework\system\BaseModel.php(676): CodeIgniter\Model->doFindAll(0, 0)
#5 C:\xampp\htdocs\VISIO_Codeigniter\app\Models\SensorModel.php(21): CodeIgniter\BaseModel->findAll()
#6 C:\xampp\htdocs\VISIO_Codeigniter\app\Controllers\SensorController.php(23): App\Models\SensorModel->listar()
#7 C:\xampp\htdocs\VISIO_Codeigniter\vendor\codeigniter4\framework\system\CodeIgniter.php(951): App\Controllers\SensorController->index()
#8 C:\xampp\htdocs\VISIO_Codeigniter\vendor\codeigniter4\framework\system\CodeIgniter.php(497): CodeIgniter\CodeIgniter->runController(Object(App\Controllers\SensorController))
#9 C:\xampp\htdocs\VISIO_Codeigniter\vendor\codeigniter4\framework\system\CodeIgniter.php(340): CodeIgniter\CodeIgniter->handleRequest(NULL, Object(Config\Cache), false)
#10 C:\xampp\htdocs\VISIO_Codeigniter\vendor\codeigniter4\framework\system\Boot.php(417): CodeIgniter\CodeIgniter->run()
#11 C:\xampp\htdocs\VISIO_Codeigniter\vendor\codeigniter4\framework\system\Boot.php(68): CodeIgniter\Boot::runCodeIgniter(Object(CodeIgniter\CodeIgniter))
#12 C:\xampp\htdocs\VISIO_Codeigniter\public\index.php(59): CodeIgniter\Boot::bootWeb(Object(Config\Paths))
#13 {main}
CRITICAL - 2026-05-19 10:57:14 --> CodeIgniter\Database\Exceptions\DatabaseException: Unable to connect to the database.
Main connection [MySQLi]: Unknown database 'db_visio'
[Method: GET, Route: /]
in SYSTEMPATH\Database\BaseConnection.php on line 606.
 1 SYSTEMPATH\Database\BaseConnection.php(795): CodeIgniter\Database\BaseConnection->initialize()
 2 SYSTEMPATH\Database\BaseBuilder.php(1649): CodeIgniter\Database\BaseConnection->query('SELECT *
FROM `SENSOR`', [], false)
 3 SYSTEMPATH\Model.php(253): CodeIgniter\Database\BaseBuilder->get()
 4 SYSTEMPATH\BaseModel.php(676): CodeIgniter\Model->doFindAll(0, 0)
 5 APPPATH\Models\SensorModel.php(21): CodeIgniter\BaseModel->findAll()
 6 APPPATH\Controllers\SensorController.php(23): App\Models\SensorModel->listar()
 7 SYSTEMPATH\CodeIgniter.php(951): App\Controllers\SensorController->index()
 8 SYSTEMPATH\CodeIgniter.php(497): CodeIgniter\CodeIgniter->runController(Object(App\Controllers\SensorController))
 9 SYSTEMPATH\CodeIgniter.php(340): CodeIgniter\CodeIgniter->handleRequest(null, Object(Config\Cache), false)
10 SYSTEMPATH\Boot.php(417): CodeIgniter\CodeIgniter->run()
11 SYSTEMPATH\Boot.php(68): CodeIgniter\Boot::runCodeIgniter(Object(CodeIgniter\CodeIgniter))
12 FCPATH\index.php(59): CodeIgniter\Boot::bootWeb(Object(Config\Paths))
ERROR - 2026-05-19 10:57:14 --> Error connecting to the database: mysqli_sql_exception: Unknown database 'db_visio' in C:\xampp\htdocs\VISIO_Codeigniter\vendor\codeigniter4\framework\system\Database\MySQLi\Connection.php:201
Stack trace:
#0 C:\xampp\htdocs\VISIO_Codeigniter\vendor\codeigniter4\framework\system\Database\MySQLi\Connection.php(201): mysqli->real_connect('localhost', 'root', Object(SensitiveParameterValue), 'DB_VISIO', 3306, '', 0)
#1 C:\xampp\htdocs\VISIO_Codeigniter\vendor\codeigniter4\framework\system\Database\BaseConnection.php(555): CodeIgniter\Database\MySQLi\Connection->connect(false)
#2 C:\xampp\htdocs\VISIO_Codeigniter\vendor\codeigniter4\framework\system\Database\BaseConnection.php(795): CodeIgniter\Database\BaseConnection->initialize()
#3 C:\xampp\htdocs\VISIO_Codeigniter\vendor\codeigniter4\framework\system\Database\BaseBuilder.php(1649): CodeIgniter\Database\BaseConnection->query('SELECT *\nFROM `...', Array, false)
#4 C:\xampp\htdocs\VISIO_Codeigniter\vendor\codeigniter4\framework\system\Model.php(253): CodeIgniter\Database\BaseBuilder->get()
#5 C:\xampp\htdocs\VISIO_Codeigniter\vendor\codeigniter4\framework\system\BaseModel.php(676): CodeIgniter\Model->doFindAll(0, 0)
#6 C:\xampp\htdocs\VISIO_Codeigniter\app\Models\SensorModel.php(21): CodeIgniter\BaseModel->findAll()
#7 C:\xampp\htdocs\VISIO_Codeigniter\app\Controllers\SensorController.php(23): App\Models\SensorModel->listar()
#8 C:\xampp\htdocs\VISIO_Codeigniter\vendor\codeigniter4\framework\system\CodeIgniter.php(951): App\Controllers\SensorController->index()
#9 C:\xampp\htdocs\VISIO_Codeigniter\vendor\codeigniter4\framework\system\CodeIgniter.php(497): CodeIgniter\CodeIgniter->runController(Object(App\Controllers\SensorController))
#10 C:\xampp\htdocs\VISIO_Codeigniter\vendor\codeigniter4\framework\system\CodeIgniter.php(340): CodeIgniter\CodeIgniter->handleRequest(NULL, Object(Config\Cache), false)
#11 C:\xampp\htdocs\VISIO_Codeigniter\vendor\codeigniter4\framework\system\Boot.php(417): CodeIgniter\CodeIgniter->run()
#12 C:\xampp\htdocs\VISIO_Codeigniter\vendor\codeigniter4\framework\system\Boot.php(68): CodeIgniter\Boot::runCodeIgniter(Object(CodeIgniter\CodeIgniter))
#13 C:\xampp\htdocs\VISIO_Codeigniter\public\index.php(59): CodeIgniter\Boot::bootWeb(Object(Config\Paths))
#14 {main}

Next CodeIgniter\Database\Exceptions\DatabaseException: Unknown database 'db_visio' in C:\xampp\htdocs\VISIO_Codeigniter\vendor\codeigniter4\framework\system\Database\MySQLi\Connection.php:231
Stack trace:
#0 C:\xampp\htdocs\VISIO_Codeigniter\vendor\codeigniter4\framework\system\Database\BaseConnection.php(555): CodeIgniter\Database\MySQLi\Connection->connect(false)
#1 C:\xampp\htdocs\VISIO_Codeigniter\vendor\codeigniter4\framework\system\Database\BaseConnection.php(795): CodeIgniter\Database\BaseConnection->initialize()
#2 C:\xampp\htdocs\VISIO_Codeigniter\vendor\codeigniter4\framework\system\Database\BaseBuilder.php(1649): CodeIgniter\Database\BaseConnection->query('SELECT *\nFROM `...', Array, false)
#3 C:\xampp\htdocs\VISIO_Codeigniter\vendor\codeigniter4\framework\system\Model.php(253): CodeIgniter\Database\BaseBuilder->get()
#4 C:\xampp\htdocs\VISIO_Codeigniter\vendor\codeigniter4\framework\system\BaseModel.php(676): CodeIgniter\Model->doFindAll(0, 0)
#5 C:\xampp\htdocs\VISIO_Codeigniter\app\Models\SensorModel.php(21): CodeIgniter\BaseModel->findAll()
#6 C:\xampp\htdocs\VISIO_Codeigniter\app\Controllers\SensorController.php(23): App\Models\SensorModel->listar()
#7 C:\xampp\htdocs\VISIO_Codeigniter\vendor\codeigniter4\framework\system\CodeIgniter.php(951): App\Controllers\SensorController->index()
#8 C:\xampp\htdocs\VISIO_Codeigniter\vendor\codeigniter4\framework\system\CodeIgniter.php(497): CodeIgniter\CodeIgniter->runController(Object(App\Controllers\SensorController))
#9 C:\xampp\htdocs\VISIO_Codeigniter\vendor\codeigniter4\framework\system\CodeIgniter.php(340): CodeIgniter\CodeIgniter->handleRequest(NULL, Object(Config\Cache), false)
#10 C:\xampp\htdocs\VISIO_Codeigniter\vendor\codeigniter4\framework\system\Boot.php(417): CodeIgniter\CodeIgniter->run()
#11 C:\xampp\htdocs\VISIO_Codeigniter\vendor\codeigniter4\framework\system\Boot.php(68): CodeIgniter\Boot::runCodeIgniter(Object(CodeIgniter\CodeIgniter))
#12 C:\xampp\htdocs\VISIO_Codeigniter\public\index.php(59): CodeIgniter\Boot::bootWeb(Object(Config\Paths))
#13 {main}
CRITICAL - 2026-05-19 10:57:14 --> CodeIgniter\Database\Exceptions\DatabaseException: Unable to connect to the database.
Main connection [MySQLi]: Unknown database 'db_visio'
[Method: GET, Route: /]
in SYSTEMPATH\Database\BaseConnection.php on line 606.
 1 SYSTEMPATH\Database\BaseConnection.php(795): CodeIgniter\Database\BaseConnection->initialize()
 2 SYSTEMPATH\Database\BaseBuilder.php(1649): CodeIgniter\Database\BaseConnection->query('SELECT *
FROM `SENSOR`', [], false)
 3 SYSTEMPATH\Model.php(253): CodeIgniter\Database\BaseBuilder->get()
 4 SYSTEMPATH\BaseModel.php(676): CodeIgniter\Model->doFindAll(0, 0)
 5 APPPATH\Models\SensorModel.php(21): CodeIgniter\BaseModel->findAll()
 6 APPPATH\Controllers\SensorController.php(23): App\Models\SensorModel->listar()
 7 SYSTEMPATH\CodeIgniter.php(951): App\Controllers\SensorController->index()
 8 SYSTEMPATH\CodeIgniter.php(497): CodeIgniter\CodeIgniter->runController(Object(App\Controllers\SensorController))
 9 SYSTEMPATH\CodeIgniter.php(340): CodeIgniter\CodeIgniter->handleRequest(null, Object(Config\Cache), false)
10 SYSTEMPATH\Boot.php(417): CodeIgniter\CodeIgniter->run()
11 SYSTEMPATH\Boot.php(68): CodeIgniter\Boot::runCodeIgniter(Object(CodeIgniter\CodeIgniter))
12 FCPATH\index.php(59): CodeIgniter\Boot::bootWeb(Object(Config\Paths))
ERROR - 2026-05-19 10:57:15 --> Error connecting to the database: mysqli_sql_exception: Unknown database 'db_visio' in C:\xampp\htdocs\VISIO_Codeigniter\vendor\codeigniter4\framework\system\Database\MySQLi\Connection.php:201
Stack trace:
#0 C:\xampp\htdocs\VISIO_Codeigniter\vendor\codeigniter4\framework\system\Database\MySQLi\Connection.php(201): mysqli->real_connect('localhost', 'root', Object(SensitiveParameterValue), 'DB_VISIO', 3306, '', 0)
#1 C:\xampp\htdocs\VISIO_Codeigniter\vendor\codeigniter4\framework\system\Database\BaseConnection.php(555): CodeIgniter\Database\MySQLi\Connection->connect(false)
#2 C:\xampp\htdocs\VISIO_Codeigniter\vendor\codeigniter4\framework\system\Database\BaseConnection.php(795): CodeIgniter\Database\BaseConnection->initialize()
#3 C:\xampp\htdocs\VISIO_Codeigniter\vendor\codeigniter4\framework\system\Database\BaseBuilder.php(1649): CodeIgniter\Database\BaseConnection->query('SELECT *\nFROM `...', Array, false)
#4 C:\xampp\htdocs\VISIO_Codeigniter\vendor\codeigniter4\framework\system\Model.php(253): CodeIgniter\Database\BaseBuilder->get()
#5 C:\xampp\htdocs\VISIO_Codeigniter\vendor\codeigniter4\framework\system\BaseModel.php(676): CodeIgniter\Model->doFindAll(0, 0)
#6 C:\xampp\htdocs\VISIO_Codeigniter\app\Models\SensorModel.php(21): CodeIgniter\BaseModel->findAll()
#7 C:\xampp\htdocs\VISIO_Codeigniter\app\Controllers\SensorController.php(23): App\Models\SensorModel->listar()
#8 C:\xampp\htdocs\VISIO_Codeigniter\vendor\codeigniter4\framework\system\CodeIgniter.php(951): App\Controllers\SensorController->index()
#9 C:\xampp\htdocs\VISIO_Codeigniter\vendor\codeigniter4\framework\system\CodeIgniter.php(497): CodeIgniter\CodeIgniter->runController(Object(App\Controllers\SensorController))
#10 C:\xampp\htdocs\VISIO_Codeigniter\vendor\codeigniter4\framework\system\CodeIgniter.php(340): CodeIgniter\CodeIgniter->handleRequest(NULL, Object(Config\Cache), false)
#11 C:\xampp\htdocs\VISIO_Codeigniter\vendor\codeigniter4\framework\system\Boot.php(417): CodeIgniter\CodeIgniter->run()
#12 C:\xampp\htdocs\VISIO_Codeigniter\vendor\codeigniter4\framework\system\Boot.php(68): CodeIgniter\Boot::runCodeIgniter(Object(CodeIgniter\CodeIgniter))
#13 C:\xampp\htdocs\VISIO_Codeigniter\public\index.php(59): CodeIgniter\Boot::bootWeb(Object(Config\Paths))
#14 {main}

Next CodeIgniter\Database\Exceptions\DatabaseException: Unknown database 'db_visio' in C:\xampp\htdocs\VISIO_Codeigniter\vendor\codeigniter4\framework\system\Database\MySQLi\Connection.php:231
Stack trace:
#0 C:\xampp\htdocs\VISIO_Codeigniter\vendor\codeigniter4\framework\system\Database\BaseConnection.php(555): CodeIgniter\Database\MySQLi\Connection->connect(false)
#1 C:\xampp\htdocs\VISIO_Codeigniter\vendor\codeigniter4\framework\system\Database\BaseConnection.php(795): CodeIgniter\Database\BaseConnection->initialize()
#2 C:\xampp\htdocs\VISIO_Codeigniter\vendor\codeigniter4\framework\system\Database\BaseBuilder.php(1649): CodeIgniter\Database\BaseConnection->query('SELECT *\nFROM `...', Array, false)
#3 C:\xampp\htdocs\VISIO_Codeigniter\vendor\codeigniter4\framework\system\Model.php(253): CodeIgniter\Database\BaseBuilder->get()
#4 C:\xampp\htdocs\VISIO_Codeigniter\vendor\codeigniter4\framework\system\BaseModel.php(676): CodeIgniter\Model->doFindAll(0, 0)
#5 C:\xampp\htdocs\VISIO_Codeigniter\app\Models\SensorModel.php(21): CodeIgniter\BaseModel->findAll()
#6 C:\xampp\htdocs\VISIO_Codeigniter\app\Controllers\SensorController.php(23): App\Models\SensorModel->listar()
#7 C:\xampp\htdocs\VISIO_Codeigniter\vendor\codeigniter4\framework\system\CodeIgniter.php(951): App\Controllers\SensorController->index()
#8 C:\xampp\htdocs\VISIO_Codeigniter\vendor\codeigniter4\framework\system\CodeIgniter.php(497): CodeIgniter\CodeIgniter->runController(Object(App\Controllers\SensorController))
#9 C:\xampp\htdocs\VISIO_Codeigniter\vendor\codeigniter4\framework\system\CodeIgniter.php(340): CodeIgniter\CodeIgniter->handleRequest(NULL, Object(Config\Cache), false)
#10 C:\xampp\htdocs\VISIO_Codeigniter\vendor\codeigniter4\framework\system\Boot.php(417): CodeIgniter\CodeIgniter->run()
#11 C:\xampp\htdocs\VISIO_Codeigniter\vendor\codeigniter4\framework\system\Boot.php(68): CodeIgniter\Boot::runCodeIgniter(Object(CodeIgniter\CodeIgniter))
#12 C:\xampp\htdocs\VISIO_Codeigniter\public\index.php(59): CodeIgniter\Boot::bootWeb(Object(Config\Paths))
#13 {main}
CRITICAL - 2026-05-19 10:57:15 --> CodeIgniter\Database\Exceptions\DatabaseException: Unable to connect to the database.
Main connection [MySQLi]: Unknown database 'db_visio'
[Method: GET, Route: /]
in SYSTEMPATH\Database\BaseConnection.php on line 606.
 1 SYSTEMPATH\Database\BaseConnection.php(795): CodeIgniter\Database\BaseConnection->initialize()
 2 SYSTEMPATH\Database\BaseBuilder.php(1649): CodeIgniter\Database\BaseConnection->query('SELECT *
FROM `SENSOR`', [], false)
 3 SYSTEMPATH\Model.php(253): CodeIgniter\Database\BaseBuilder->get()
 4 SYSTEMPATH\BaseModel.php(676): CodeIgniter\Model->doFindAll(0, 0)
 5 APPPATH\Models\SensorModel.php(21): CodeIgniter\BaseModel->findAll()
 6 APPPATH\Controllers\SensorController.php(23): App\Models\SensorModel->listar()
 7 SYSTEMPATH\CodeIgniter.php(951): App\Controllers\SensorController->index()
 8 SYSTEMPATH\CodeIgniter.php(497): CodeIgniter\CodeIgniter->runController(Object(App\Controllers\SensorController))
 9 SYSTEMPATH\CodeIgniter.php(340): CodeIgniter\CodeIgniter->handleRequest(null, Object(Config\Cache), false)
10 SYSTEMPATH\Boot.php(417): CodeIgniter\CodeIgniter->run()
11 SYSTEMPATH\Boot.php(68): CodeIgniter\Boot::runCodeIgniter(Object(CodeIgniter\CodeIgniter))
12 FCPATH\index.php(59): CodeIgniter\Boot::bootWeb(Object(Config\Paths))
ERROR - 2026-05-19 10:59:25 --> Error connecting to the database: mysqli_sql_exception: Unknown database 'db_visio' in C:\xampp\htdocs\VISIO_Codeigniter\vendor\codeigniter4\framework\system\Database\MySQLi\Connection.php:201
Stack trace:
#0 C:\xampp\htdocs\VISIO_Codeigniter\vendor\codeigniter4\framework\system\Database\MySQLi\Connection.php(201): mysqli->real_connect('localhost', 'root', Object(SensitiveParameterValue), 'db_visio', 3306, '', 0)
#1 C:\xampp\htdocs\VISIO_Codeigniter\vendor\codeigniter4\framework\system\Database\BaseConnection.php(555): CodeIgniter\Database\MySQLi\Connection->connect(false)
#2 C:\xampp\htdocs\VISIO_Codeigniter\vendor\codeigniter4\framework\system\Database\BaseConnection.php(795): CodeIgniter\Database\BaseConnection->initialize()
#3 C:\xampp\htdocs\VISIO_Codeigniter\vendor\codeigniter4\framework\system\Database\BaseBuilder.php(1649): CodeIgniter\Database\BaseConnection->query('SELECT *\nFROM `...', Array, false)
#4 C:\xampp\htdocs\VISIO_Codeigniter\vendor\codeigniter4\framework\system\Model.php(253): CodeIgniter\Database\BaseBuilder->get()
#5 C:\xampp\htdocs\VISIO_Codeigniter\vendor\codeigniter4\framework\system\BaseModel.php(676): CodeIgniter\Model->doFindAll(0, 0)
#6 C:\xampp\htdocs\VISIO_Codeigniter\app\Models\SensorModel.php(21): CodeIgniter\BaseModel->findAll()
#7 C:\xampp\htdocs\VISIO_Codeigniter\app\Controllers\SensorController.php(23): App\Models\SensorModel->listar()
#8 C:\xampp\htdocs\VISIO_Codeigniter\vendor\codeigniter4\framework\system\CodeIgniter.php(951): App\Controllers\SensorController->index()
#9 C:\xampp\htdocs\VISIO_Codeigniter\vendor\codeigniter4\framework\system\CodeIgniter.php(497): CodeIgniter\CodeIgniter->runController(Object(App\Controllers\SensorController))
#10 C:\xampp\htdocs\VISIO_Codeigniter\vendor\codeigniter4\framework\system\CodeIgniter.php(340): CodeIgniter\CodeIgniter->handleRequest(NULL, Object(Config\Cache), false)
#11 C:\xampp\htdocs\VISIO_Codeigniter\vendor\codeigniter4\framework\system\Boot.php(417): CodeIgniter\CodeIgniter->run()
#12 C:\xampp\htdocs\VISIO_Codeigniter\vendor\codeigniter4\framework\system\Boot.php(68): CodeIgniter\Boot::runCodeIgniter(Object(CodeIgniter\CodeIgniter))
#13 C:\xampp\htdocs\VISIO_Codeigniter\public\index.php(59): CodeIgniter\Boot::bootWeb(Object(Config\Paths))
#14 {main}

Next CodeIgniter\Database\Exceptions\DatabaseException: Unknown database 'db_visio' in C:\xampp\htdocs\VISIO_Codeigniter\vendor\codeigniter4\framework\system\Database\MySQLi\Connection.php:231
Stack trace:
#0 C:\xampp\htdocs\VISIO_Codeigniter\vendor\codeigniter4\framework\system\Database\BaseConnection.php(555): CodeIgniter\Database\MySQLi\Connection->connect(false)
#1 C:\xampp\htdocs\VISIO_Codeigniter\vendor\codeigniter4\framework\system\Database\BaseConnection.php(795): CodeIgniter\Database\BaseConnection->initialize()
#2 C:\xampp\htdocs\VISIO_Codeigniter\vendor\codeigniter4\framework\system\Database\BaseBuilder.php(1649): CodeIgniter\Database\BaseConnection->query('SELECT *\nFROM `...', Array, false)
#3 C:\xampp\htdocs\VISIO_Codeigniter\vendor\codeigniter4\framework\system\Model.php(253): CodeIgniter\Database\BaseBuilder->get()
#4 C:\xampp\htdocs\VISIO_Codeigniter\vendor\codeigniter4\framework\system\BaseModel.php(676): CodeIgniter\Model->doFindAll(0, 0)
#5 C:\xampp\htdocs\VISIO_Codeigniter\app\Models\SensorModel.php(21): CodeIgniter\BaseModel->findAll()
#6 C:\xampp\htdocs\VISIO_Codeigniter\app\Controllers\SensorController.php(23): App\Models\SensorModel->listar()
#7 C:\xampp\htdocs\VISIO_Codeigniter\vendor\codeigniter4\framework\system\CodeIgniter.php(951): App\Controllers\SensorController->index()
#8 C:\xampp\htdocs\VISIO_Codeigniter\vendor\codeigniter4\framework\system\CodeIgniter.php(497): CodeIgniter\CodeIgniter->runController(Object(App\Controllers\SensorController))
#9 C:\xampp\htdocs\VISIO_Codeigniter\vendor\codeigniter4\framework\system\CodeIgniter.php(340): CodeIgniter\CodeIgniter->handleRequest(NULL, Object(Config\Cache), false)
#10 C:\xampp\htdocs\VISIO_Codeigniter\vendor\codeigniter4\framework\system\Boot.php(417): CodeIgniter\CodeIgniter->run()
#11 C:\xampp\htdocs\VISIO_Codeigniter\vendor\codeigniter4\framework\system\Boot.php(68): CodeIgniter\Boot::runCodeIgniter(Object(CodeIgniter\CodeIgniter))
#12 C:\xampp\htdocs\VISIO_Codeigniter\public\index.php(59): CodeIgniter\Boot::bootWeb(Object(Config\Paths))
#13 {main}
CRITICAL - 2026-05-19 10:59:25 --> CodeIgniter\Database\Exceptions\DatabaseException: Unable to connect to the database.
Main connection [MySQLi]: Unknown database 'db_visio'
[Method: GET, Route: /]
in SYSTEMPATH\Database\BaseConnection.php on line 606.
 1 SYSTEMPATH\Database\BaseConnection.php(795): CodeIgniter\Database\BaseConnection->initialize()
 2 SYSTEMPATH\Database\BaseBuilder.php(1649): CodeIgniter\Database\BaseConnection->query('SELECT *
FROM `SENSOR`', [], false)
 3 SYSTEMPATH\Model.php(253): CodeIgniter\Database\BaseBuilder->get()
 4 SYSTEMPATH\BaseModel.php(676): CodeIgniter\Model->doFindAll(0, 0)
 5 APPPATH\Models\SensorModel.php(21): CodeIgniter\BaseModel->findAll()
 6 APPPATH\Controllers\SensorController.php(23): App\Models\SensorModel->listar()
 7 SYSTEMPATH\CodeIgniter.php(951): App\Controllers\SensorController->index()
 8 SYSTEMPATH\CodeIgniter.php(497): CodeIgniter\CodeIgniter->runController(Object(App\Controllers\SensorController))
 9 SYSTEMPATH\CodeIgniter.php(340): CodeIgniter\CodeIgniter->handleRequest(null, Object(Config\Cache), false)
10 SYSTEMPATH\Boot.php(417): CodeIgniter\CodeIgniter->run()
11 SYSTEMPATH\Boot.php(68): CodeIgniter\Boot::runCodeIgniter(Object(CodeIgniter\CodeIgniter))
12 FCPATH\index.php(59): CodeIgniter\Boot::bootWeb(Object(Config\Paths))
CRITICAL - 2026-05-19 10:59:50 --> CodeIgniter\View\Exceptions\ViewException: Invalid file: "sensor/index.php"
[Method: GET, Route: /]
in SYSTEMPATH\Exceptions\FrameworkException.php on line 39.
 1 SYSTEMPATH\View\View.php(228): CodeIgniter\Exceptions\FrameworkException::forInvalidFile('sensor/index.php')
 2 SYSTEMPATH\Common.php(1250): CodeIgniter\View\View->render('sensor/index', [], true)
 3 APPPATH\Controllers\SensorController.php(25): view('sensor/index', [...])
 4 SYSTEMPATH\CodeIgniter.php(951): App\Controllers\SensorController->index()
 5 SYSTEMPATH\CodeIgniter.php(497): CodeIgniter\CodeIgniter->runController(Object(App\Controllers\SensorController))
 6 SYSTEMPATH\CodeIgniter.php(340): CodeIgniter\CodeIgniter->handleRequest(null, Object(Config\Cache), false)
 7 SYSTEMPATH\Boot.php(417): CodeIgniter\CodeIgniter->run()
 8 SYSTEMPATH\Boot.php(68): CodeIgniter\Boot::runCodeIgniter(Object(CodeIgniter\CodeIgniter))
 9 FCPATH\index.php(59): CodeIgniter\Boot::bootWeb(Object(Config\Paths))
CRITICAL - 2026-05-19 11:11:05 --> CodeIgniter\View\Exceptions\ViewException: Invalid file: "sensor/index.php"
[Method: GET, Route: /]
in SYSTEMPATH\Exceptions\FrameworkException.php on line 39.
 1 SYSTEMPATH\View\View.php(228): CodeIgniter\Exceptions\FrameworkException::forInvalidFile('sensor/index.php')
 2 SYSTEMPATH\Common.php(1250): CodeIgniter\View\View->render('sensor/index', [], true)
 3 APPPATH\Controllers\SensorController.php(25): view('sensor/index', [...])
 4 SYSTEMPATH\CodeIgniter.php(951): App\Controllers\SensorController->index()
 5 SYSTEMPATH\CodeIgniter.php(497): CodeIgniter\CodeIgniter->runController(Object(App\Controllers\SensorController))
 6 SYSTEMPATH\CodeIgniter.php(340): CodeIgniter\CodeIgniter->handleRequest(null, Object(Config\Cache), false)
 7 SYSTEMPATH\Boot.php(417): CodeIgniter\CodeIgniter->run()
 8 SYSTEMPATH\Boot.php(68): CodeIgniter\Boot::runCodeIgniter(Object(CodeIgniter\CodeIgniter))
 9 FCPATH\index.php(59): CodeIgniter\Boot::bootWeb(Object(Config\Paths))
CRITICAL - 2026-05-19 11:25:34 --> CodeIgniter\View\Exceptions\ViewException: Invalid file: "sensor/index.php"
[Method: GET, Route: /]
in SYSTEMPATH\Exceptions\FrameworkException.php on line 39.
 1 SYSTEMPATH\View\View.php(228): CodeIgniter\Exceptions\FrameworkException::forInvalidFile('sensor/index.php')
 2 SYSTEMPATH\Common.php(1250): CodeIgniter\View\View->render('sensor/index', [], true)
 3 APPPATH\Controllers\SensorController.php(25): view('sensor/index', [...])
 4 SYSTEMPATH\CodeIgniter.php(951): App\Controllers\SensorController->index()
 5 SYSTEMPATH\CodeIgniter.php(497): CodeIgniter\CodeIgniter->runController(Object(App\Controllers\SensorController))
 6 SYSTEMPATH\CodeIgniter.php(340): CodeIgniter\CodeIgniter->handleRequest(null, Object(Config\Cache), false)
 7 SYSTEMPATH\Boot.php(417): CodeIgniter\CodeIgniter->run()
 8 SYSTEMPATH\Boot.php(68): CodeIgniter\Boot::runCodeIgniter(Object(CodeIgniter\CodeIgniter))
 9 FCPATH\index.php(59): CodeIgniter\Boot::bootWeb(Object(Config\Paths))
CRITICAL - 2026-05-19 11:27:32 --> CodeIgniter\View\Exceptions\ViewException: Invalid file: "sensor/index.php"
[Method: GET, Route: /]
in SYSTEMPATH\Exceptions\FrameworkException.php on line 39.
 1 SYSTEMPATH\View\View.php(228): CodeIgniter\Exceptions\FrameworkException::forInvalidFile('sensor/index.php')
 2 SYSTEMPATH\Common.php(1250): CodeIgniter\View\View->render('sensor/index', [], true)
 3 APPPATH\Controllers\SensorController.php(25): view('sensor/index', [...])
 4 SYSTEMPATH\CodeIgniter.php(951): App\Controllers\SensorController->index()
 5 SYSTEMPATH\CodeIgniter.php(497): CodeIgniter\CodeIgniter->runController(Object(App\Controllers\SensorController))
 6 SYSTEMPATH\CodeIgniter.php(340): CodeIgniter\CodeIgniter->handleRequest(null, Object(Config\Cache), false)
 7 SYSTEMPATH\Boot.php(417): CodeIgniter\CodeIgniter->run()
 8 SYSTEMPATH\Boot.php(68): CodeIgniter\Boot::runCodeIgniter(Object(CodeIgniter\CodeIgniter))
 9 FCPATH\index.php(59): CodeIgniter\Boot::bootWeb(Object(Config\Paths))
CRITICAL - 2026-05-19 11:41:43 --> ErrorException: Cannot declare class App\Controllers\Inicio, because the name is already in use
[Method: GET, Route: /]
in APPPATH\Controllers\InicioController.php on line 5.
 1 [internal function]: CodeIgniter\Debug\Exceptions->shutdownHandler()
